<?xml version="1.0" encoding="UTF-8"?>
<!-- Generated by org.testng.reporters.JUnitReportReporter -->
<testsuite skipped="0" hostname="sajjad-PC" name="com.primusbank.tests.AdminLoginTest" tests="1" failures="0" timestamp="29 Jan 2019 19:41:49 GMT" time="1.854" errors="0">
  <testcase name="adminLoginTest" time="1.854" classname="com.primusbank.tests.AdminLoginTest"/>
</testsuite> <!-- com.primusbank.tests.AdminLoginTest -->
